<?xml version="1.0" encoding="UTF-8"?>
<testsuite name="io.github.leitess.animaladoption.AnimalAdoptionApplicationTests" tests="1" skipped="0" failures="0" errors="0" timestamp="2022-12-10T16:43:31" hostname="DESKTOP-LSCDB99" time="0.939">
  <properties/>
  <testcase name="contextLoads()" classname="io.github.leitess.animaladoption.AnimalAdoptionApplicationTests" time="0.939"/>
  <system-out><![CDATA[13:42:11.259 [Test worker] DEBUG org.springframework.test.context.BootstrapUtils - Instantiating CacheAwareContextLoaderDelegate from class [org.springframework.test.context.cache.DefaultCacheAwareContextLoaderDelegate]
13:42:11.298 [Test worker] DEBUG org.springframework.test.context.BootstrapUtils - Instantiating BootstrapContext using constructor [public org.springframework.test.context.support.DefaultBootstrapContext(java.lang.Class,org.springframework.test.context.CacheAwareContextLoaderDelegate)]
13:42:11.392 [Test worker] DEBUG org.springframework.test.context.BootstrapUtils - Instantiating TestContextBootstrapper for test class [io.github.leitess.animaladoption.AnimalAdoptionApplicationTests] from class [org.springframework.boot.test.context.SpringBootTestContextBootstrapper]
13:42:11.518 [Test worker] INFO org.springframework.boot.test.context.SpringBootTestContextBootstrapper - Neither @ContextConfiguration nor @ContextHierarchy found for test class [io.github.leitess.animaladoption.AnimalAdoptionApplicationTests], using SpringBootContextLoader
13:42:11.527 [Test worker] DEBUG org.springframework.test.context.support.AbstractContextLoader - Did not detect default resource location for test class [io.github.leitess.animaladoption.AnimalAdoptionApplicationTests]: class path resource [io/github/leitess/animaladoption/AnimalAdoptionApplicationTests-context.xml] does not exist
13:42:11.528 [Test worker] DEBUG org.springframework.test.context.support.AbstractContextLoader - Did not detect default resource location for test class [io.github.leitess.animaladoption.AnimalAdoptionApplicationTests]: class path resource [io/github/leitess/animaladoption/AnimalAdoptionApplicationTestsContext.groovy] does not exist
13:42:11.528 [Test worker] INFO org.springframework.test.context.support.AbstractContextLoader - Could not detect default resource locations for test class [io.github.leitess.animaladoption.AnimalAdoptionApplicationTests]: no resource found for suffixes {-context.xml, Context.groovy}.
13:42:11.530 [Test worker] INFO org.springframework.test.context.support.AnnotationConfigContextLoaderUtils - Could not detect default configuration classes for test class [io.github.leitess.animaladoption.AnimalAdoptionApplicationTests]: AnimalAdoptionApplicationTests does not declare any static, non-private, non-final, nested classes annotated with @Configuration.
13:42:11.984 [Test worker] DEBUG org.springframework.test.context.support.ActiveProfilesUtils - Could not find an 'annotation declaring class' for annotation type [org.springframework.test.context.ActiveProfiles] and class [io.github.leitess.animaladoption.AnimalAdoptionApplicationTests]
13:42:12.174 [Test worker] DEBUG org.springframework.context.annotation.ClassPathScanningCandidateComponentProvider - Identified candidate component class: file [C:\Users\sonic\Downloads\Silas Santos Leite\temp\crud-vanilla\animal-adoption\build\classes\java\main\io\github\leitess\animaladoption\AnimalAdoptionApplication.class]
13:42:12.177 [Test worker] INFO org.springframework.boot.test.context.SpringBootTestContextBootstrapper - Found @SpringBootConfiguration io.github.leitess.animaladoption.AnimalAdoptionApplication for test class io.github.leitess.animaladoption.AnimalAdoptionApplicationTests
13:42:12.510 [Test worker] DEBUG org.springframework.boot.test.context.SpringBootTestContextBootstrapper - @TestExecutionListeners is not present for class [io.github.leitess.animaladoption.AnimalAdoptionApplicationTests]: using defaults.
13:42:12.511 [Test worker] INFO org.springframework.boot.test.context.SpringBootTestContextBootstrapper - Loaded default TestExecutionListener class names from location [META-INF/spring.factories]: [org.springframework.boot.test.autoconfigure.restdocs.RestDocsTestExecutionListener, org.springframework.boot.test.autoconfigure.web.client.MockRestServiceServerResetTestExecutionListener, org.springframework.boot.test.autoconfigure.web.servlet.MockMvcPrintOnlyOnFailureTestExecutionListener, org.springframework.boot.test.autoconfigure.web.servlet.WebDriverTestExecutionListener, org.springframework.boot.test.autoconfigure.webservices.client.MockWebServiceServerTestExecutionListener, org.springframework.boot.test.mock.mockito.MockitoTestExecutionListener, org.springframework.boot.test.mock.mockito.ResetMocksTestExecutionListener, org.springframework.test.context.web.ServletTestExecutionListener, org.springframework.test.context.support.DirtiesContextBeforeModesTestExecutionListener, org.springframework.test.context.event.ApplicationEventsTestExecutionListener, org.springframework.test.context.support.DependencyInjectionTestExecutionListener, org.springframework.test.context.support.DirtiesContextTestExecutionListener, org.springframework.test.context.transaction.TransactionalTestExecutionListener, org.springframework.test.context.jdbc.SqlScriptsTestExecutionListener, org.springframework.test.context.event.EventPublishingTestExecutionListener]
13:42:12.590 [Test worker] INFO org.springframework.boot.test.context.SpringBootTestContextBootstrapper - Using TestExecutionListeners: [org.springframework.test.context.web.ServletTestExecutionListener@305f031, org.springframework.test.context.support.DirtiesContextBeforeModesTestExecutionListener@592e843a, org.springframework.test.context.event.ApplicationEventsTestExecutionListener@1d1f7216, org.springframework.boot.test.mock.mockito.MockitoTestExecutionListener@423e4cbb, org.springframework.boot.test.autoconfigure.SpringBootDependencyInjectionTestExecutionListener@6e16b8b5, org.springframework.test.context.support.DirtiesContextTestExecutionListener@43b4fe19, org.springframework.test.context.transaction.TransactionalTestExecutionListener@25ddbbbb, org.springframework.test.context.jdbc.SqlScriptsTestExecutionListener@1536602f, org.springframework.test.context.event.EventPublishingTestExecutionListener@4ebea12c, org.springframework.boot.test.autoconfigure.restdocs.RestDocsTestExecutionListener@2a1edad4, org.springframework.boot.test.autoconfigure.web.client.MockRestServiceServerResetTestExecutionListener@6256ac4f, org.springframework.boot.test.autoconfigure.web.servlet.MockMvcPrintOnlyOnFailureTestExecutionListener@44c79f32, org.springframework.boot.test.autoconfigure.web.servlet.WebDriverTestExecutionListener@7fcbe147, org.springframework.boot.test.autoconfigure.webservices.client.MockWebServiceServerTestExecutionListener@235f4c10, org.springframework.boot.test.mock.mockito.ResetMocksTestExecutionListener@743cb8e0]
13:42:12.632 [Test worker] DEBUG org.springframework.test.context.support.AbstractDirtiesContextTestExecutionListener - Before test class: context [DefaultTestContext@3d08f3f5 testClass = AnimalAdoptionApplicationTests, testInstance = [null], testMethod = [null], testException = [null], mergedContextConfiguration = [WebMergedContextConfiguration@119f1f2a testClass = AnimalAdoptionApplicationTests, locations = '{}', classes = '{class io.github.leitess.animaladoption.AnimalAdoptionApplication}', contextInitializerClasses = '[]', activeProfiles = '{}', propertySourceLocations = '{}', propertySourceProperties = '{org.springframework.boot.test.context.SpringBootTestContextBootstrapper=true}', contextCustomizers = set[org.springframework.boot.test.autoconfigure.actuate.metrics.MetricsExportContextCustomizerFactory$DisableMetricExportContextCustomizer@1f3f02ee, org.springframework.boot.test.autoconfigure.properties.PropertyMappingContextCustomizer@0, org.springframework.boot.test.autoconfigure.web.servlet.WebDriverContextCustomizerFactory$Customizer@7ac0e420, org.springframework.boot.test.context.filter.ExcludeFilterContextCustomizer@503ecb24, org.springframework.boot.test.json.DuplicateJsonObjectContextCustomizerFactory$DuplicateJsonObjectContextCustomizer@3568f9d2, org.springframework.boot.test.mock.mockito.MockitoContextCustomizer@0, org.springframework.boot.test.web.client.TestRestTemplateContextCustomizer@6ee6f53, org.springframework.boot.test.context.SpringBootTestArgs@1, org.springframework.boot.test.context.SpringBootTestWebEnvironment@483f6d77], resourceBasePath = 'src/main/webapp', contextLoader = 'org.springframework.boot.test.context.SpringBootContextLoader', parent = [null]], attributes = map['org.springframework.test.context.web.ServletTestExecutionListener.activateListener' -> true]], class annotated with @DirtiesContext [false] with mode [null].

  .   ____          _            __ _ _
 /\\ / ___'_ __ _ _(_)_ __  __ _ \ \ \ \
( ( )\___ | '_ | '_| | '_ \/ _` | \ \ \ \
 \\/  ___)| |_)| | | | | || (_| |  ) ) ) )
  '  |____| .__|_| |_|_| |_\__, | / / / /
 =========|_|==============|___/=/_/_/_/
 :: Spring Boot ::                (v2.7.3)

2022-12-10 13:42:13.680  INFO 20396 --- [    Test worker] i.g.l.a.AnimalAdoptionApplicationTests   : Starting AnimalAdoptionApplicationTests using Java 17.0.2 on DESKTOP-LSCDB99 with PID 20396 (started by sonic in C:\Users\sonic\Downloads\Silas Santos Leite\temp\crud-vanilla\animal-adoption)
2022-12-10 13:42:13.682  INFO 20396 --- [    Test worker] i.g.l.a.AnimalAdoptionApplicationTests   : No active profile set, falling back to 1 default profile: "default"
2022-12-10 13:42:45.760  INFO 20396 --- [    Test worker] .s.d.r.c.RepositoryConfigurationDelegate : Bootstrapping Spring Data JPA repositories in DEFAULT mode.
2022-12-10 13:42:46.704  INFO 20396 --- [    Test worker] .s.d.r.c.RepositoryConfigurationDelegate : Finished Spring Data repository scanning in 835 ms. Found 2 JPA repository interfaces.
2022-12-10 13:42:56.248  INFO 20396 --- [    Test worker] o.hibernate.jpa.internal.util.LogHelper  : HHH000204: Processing PersistenceUnitInfo [name: default]
2022-12-10 13:42:57.356  INFO 20396 --- [    Test worker] org.hibernate.Version                    : HHH000412: Hibernate ORM core version 5.6.10.Final
2022-12-10 13:43:00.211  INFO 20396 --- [    Test worker] o.hibernate.annotations.common.Version   : HCANN000001: Hibernate Commons Annotations {5.1.2.Final}
2022-12-10 13:43:03.414  INFO 20396 --- [    Test worker] com.zaxxer.hikari.HikariDataSource       : HikariPool-1 - Starting...
2022-12-10 13:43:08.720  INFO 20396 --- [    Test worker] com.zaxxer.hikari.HikariDataSource       : HikariPool-1 - Start completed.
2022-12-10 13:43:09.244  INFO 20396 --- [    Test worker] org.hibernate.dialect.Dialect            : HHH000400: Using dialect: org.hibernate.dialect.H2Dialect
2022-12-10 13:43:20.072  INFO 20396 --- [    Test worker] o.h.e.t.j.p.i.JtaPlatformInitiator       : HHH000490: Using JtaPlatform implementation: [org.hibernate.engine.transaction.jta.platform.internal.NoJtaPlatform]
2022-12-10 13:43:20.118  INFO 20396 --- [    Test worker] j.LocalContainerEntityManagerFactoryBean : Initialized JPA EntityManagerFactory for persistence unit 'default'
2022-12-10 13:43:23.953  WARN 20396 --- [    Test worker] JpaBaseConfiguration$JpaWebConfiguration : spring.jpa.open-in-view is enabled by default. Therefore, database queries may be performed during view rendering. Explicitly configure spring.jpa.open-in-view to disable this warning
2022-12-10 13:43:24.741  INFO 20396 --- [    Test worker] o.s.b.a.h2.H2ConsoleAutoConfiguration    : H2 console available at '/h2'. Database available at 'jdbc:h2:file:./data'
2022-12-10 13:43:26.059  INFO 20396 --- [    Test worker] pertySourcedRequestMappingHandlerMapping : Mapped URL path [/v2/api-docs] onto method [springfox.documentation.swagger2.web.Swagger2Controller#getDocumentation(String, HttpServletRequest)]
2022-12-10 13:43:30.513  INFO 20396 --- [    Test worker] d.s.w.p.DocumentationPluginsBootstrapper : Context refreshed
2022-12-10 13:43:30.675  INFO 20396 --- [    Test worker] d.s.w.p.DocumentationPluginsBootstrapper : Found 1 custom documentation plugin(s)
2022-12-10 13:43:30.890  INFO 20396 --- [    Test worker] s.d.s.w.s.ApiListingReferenceScanner     : Scanning for api listing references
2022-12-10 13:43:31.820  INFO 20396 --- [    Test worker] i.g.l.a.AnimalAdoptionApplicationTests   : Started AnimalAdoptionApplicationTests in 79.025 seconds (JVM running for 86.001)
]]></system-out>
  <system-err><![CDATA[]]></system-err>
</testsuite>
